2017-01-30 13:21:30 IST [DEP.0005.1176] Initiating the progress report for the deploy operation.
2017-01-30 13:21:30 IST [DEP.0008.0011] Initiating the progress report for the checkpoint operation.
2017-01-30 13:21:30 IST [DEP.0008.0017] Deleting previously generated checkpoints for deployment candidate myDeployment.
2017-01-30 13:21:30 IST [DEP.0008.0019] Deleting checkpoints previously generated for Bibin_Remote.
2017-01-30 13:21:30 IST [DEP.0008.0020] Successfully deleted checkpoints generated for Bibin_Remote.
2017-01-30 13:21:30 IST [DEP.0008.0014] Generating checkpoint at Bibin_Remote.
2017-01-30 13:21:32 IST [DEP.0008.0016] Successfully generated checkpoint for target server Bibin_Remote.
2017-01-30 13:21:32 IST [DEP.0008.0012] Completing the progress report for the checkpoint operation.
2017-01-30 13:21:32 IST [DEP.0005.1163] Starting deliver operation for deployment candidate myDeployment.
2017-01-30 13:21:32 IST [DEP.0005.1165] Deleting previously delivered artifacts.
2017-01-30 13:21:32 IST [DEP.0005.1169] Deleting artifacts previously delivered to Bibin_Remote.
2017-01-30 13:21:32 IST [DEP.0005.1170] Deleted artifacts previously delivered to Bibin_Remote successfully.
2017-01-30 13:21:32 IST [DEP.0005.1159] Delivering artifacts to Bibin_Remote.
2017-01-30 13:21:33 IST [DEP.0005.1202] Successfully delivered BstarBPM to Bibin_Remote.
2017-01-30 13:21:33 IST [DEP.0005.1162] Finished delivering artifacts to Bibin_Remote.
2017-01-30 13:21:33 IST [DEP.0005.1160] Artifacts delivered successfully for deployment candidate myDeployment.
2017-01-30 13:21:33 IST [DEP.0005.1207] Starting delete assets operation for deployment candidate myDeployment.
2017-01-30 13:21:33 IST [DEP.0005.1209] Deleting assets.
2017-01-30 13:21:33 IST [DEP.0005.1208] Assets deleted successfully for deployment candidate myDeployment.
2017-01-30 13:21:33 IST [DEP.0005.1171] Starting activate operation for myDeployment.
2017-01-30 13:21:33 IST [DEP.0005.1174] Starting activate operation for Bibin_Remote.
2017-01-30 13:21:34 IST [DEP.0005.1175] Activated the deployment on Bibin_Remote successfully.
2017-01-30 13:21:34 IST [DEP.0005.1172] Completed activate operation for myDeployment.
2017-01-30 13:21:34 IST [DEP.0005.1177] Completing the progress report for the deploy operation.
