2017-01-24 12:58:34 IST [DEP.0005.1176] Initiating the progress report for the deploy operation.
2017-01-24 12:58:51 IST [DEP.0008.0011] Initiating the progress report for the checkpoint operation.
2017-01-24 12:58:51 IST [DEP.0008.0017] Deleting previously generated checkpoints for deployment candidate myDeployment.
2017-01-24 12:58:51 IST [DEP.0008.0019] Deleting checkpoints previously generated for Bibin_mc.
2017-01-24 12:58:52 IST [DEP.0008.0020] Successfully deleted checkpoints generated for Bibin_mc.
2017-01-24 12:58:52 IST [DEP.0008.0014] Generating checkpoint at Bibin_mc.
2017-01-24 12:59:01 IST [DEP.0008.0016] Successfully generated checkpoint for target server Bibin_mc.
2017-01-24 12:59:02 IST [DEP.0008.0012] Completing the progress report for the checkpoint operation.
2017-01-24 12:59:02 IST [DEP.0005.1163] Starting deliver operation for deployment candidate myDeployment.
2017-01-24 12:59:02 IST [DEP.0005.1165] Deleting previously delivered artifacts.
2017-01-24 12:59:02 IST [DEP.0005.1169] Deleting artifacts previously delivered to Bibin_mc.
2017-01-24 12:59:03 IST [DEP.0005.1170] Deleted artifacts previously delivered to Bibin_mc successfully.
2017-01-24 12:59:03 IST [DEP.0005.1159] Delivering artifacts to Bibin_mc.
2017-01-24 12:59:04 IST [DEP.0005.1202] Successfully delivered SivaAcme to Bibin_mc.
2017-01-24 12:59:04 IST [DEP.0005.1162] Finished delivering artifacts to Bibin_mc.
2017-01-24 12:59:04 IST [DEP.0005.1160] Artifacts delivered successfully for deployment candidate myDeployment.
2017-01-24 12:59:04 IST [DEP.0005.1207] Starting delete assets operation for deployment candidate myDeployment.
2017-01-24 12:59:04 IST [DEP.0005.1209] Deleting assets.
2017-01-24 12:59:04 IST [DEP.0005.1208] Assets deleted successfully for deployment candidate myDeployment.
2017-01-24 12:59:04 IST [DEP.0005.1171] Starting activate operation for myDeployment.
2017-01-24 12:59:04 IST [DEP.0005.1174] Starting activate operation for Bibin_mc.
2017-01-24 12:59:09 IST [DEP.0005.1175] Activated the deployment on Bibin_mc successfully.
2017-01-24 12:59:09 IST [DEP.0005.1172] Completed activate operation for myDeployment.
2017-01-24 12:59:09 IST [DEP.0005.1177] Completing the progress report for the deploy operation.
